[
b"['Indol', 'Citr', 'H2S', 'Ur\xc3\xa9ia', 'Fenil', 'Lisina', 'Argin', 'Ornit', 'Motil', 'Gelatina', 'Malon', 'G\xc3\xa1s glicose', 'Lactose', 'Sacarose', 'Escul', 'DNase']",
b"bacteria('Klebsiella rhinoscleromatis', {'Indol': 0, 'Citr': 0, 'H2S': 0, 'Ur\xc3\xa9ia': 0, 'Fenil': 0, 'Lisina': 0, 'Argin': 0, 'Ornit': 0, 'Motil': 0, 'Gelatina': 0, 'Malon': 95, 'G\xc3\xa1s glicose': 0, 'Lactose': 0, 'Sacarose': 75, 'Escul': 30, 'DNase': 0}, 100, '\\t')",
b"bacteria('Serratia liquefaciens', {'Indol': 1, 'Citr': 90, 'H2S': 0, 'Ur\xc3\xa9ia': 3, 'Fenil': 0, 'Lisina': 95, 'Argin': 0, 'Ornit': 95, 'Motil': 95, 'Gelatina': 90, 'Malon': 2, 'G\xc3\xa1s glicose': 75, 'Lactose': 10, 'Sacarose': 98, 'Escul': 97, 'DNase': 85}, 100, '\\t')",
b"bacteria('Klebsiella oxytoca', {'Indol': 99, 'Citr': 95, 'H2S': 0, 'Ur\xc3\xa9ia': 90, 'Fenil': 1, 'Lisina': 99, 'Argin': 0, 'Ornit': 0, 'Motil': 0, 'Gelatina': 0, 'Malon': 98, 'G\xc3\xa1s glicose': 97, 'Lactose': 100, 'Sacarose': 100, 'Escul': 100, 'DNase': 0}, 100, '\\t')",
b"bacteria('Enterobacter cloacae', {'Indol': 0, 'Citr': 100, 'H2S': 0, 'Ur\xc3\xa9ia': 65, 'Fenil': 0, 'Lisina': 0, 'Argin': 97, 'Ornit': 96, 'Motil': 95, 'Gelatina': 0, 'Malon': 75, 'G\xc3\xa1s glicose': 100, 'Lactose': 93, 'Sacarose': 97, 'Escul': 30, 'DNase': 0}, 100, '\\t')",
b"bacteria('Salmonella cholerasuis', {'Indol': 0, 'Citr': 25, 'H2S': 50, 'Ur\xc3\xa9ia': 0, 'Fenil': 0, 'Lisina': 95, 'Argin': 55, 'Ornit': 100, 'Motil': 95, 'Gelatina': 0, 'Malon': 0, 'G\xc3\xa1s glicose': 95, 'Lactose': 0, 'Sacarose': 0, 'Escul': 0, 'DNase': 0}, 100, '\\t')",
b"bacteria('Serratia marcescens', {'Indol': 1, 'Citr': 98, 'H2S': 0, 'Ur\xc3\xa9ia': 15, 'Fenil': 0, 'Lisina': 99, 'Argin': 0, 'Ornit': 99, 'Motil': 97, 'Gelatina': 90, 'Malon': 3, 'G\xc3\xa1s glicose': 55, 'Lactose': 2, 'Sacarose': 99, 'Escul': 95, 'DNase': 98}, 100, '\\t')",
b"bacteria('Enterobacter sakazakii', {'Indol': 11, 'Citr': 99, 'H2S': 0, 'Ur\xc3\xa9ia': 1, 'Fenil': 50, 'Lisina': 0, 'Argin': 99, 'Ornit': 91, 'Motil': 96, 'Gelatina': 0, 'Malon': 16, 'G\xc3\xa1s glicose': 98, 'Lactose': 99, 'Sacarose': 100, 'Escul': 100, 'DNase': 0}, 100, '\\t')",
b"bacteria('Providencia stuartii', {'Indol': 98, 'Citr': 93, 'H2S': 0, 'Ur\xc3\xa9ia': 30, 'Fenil': 95, 'Lisina': 0, 'Argin': 0, 'Ornit': 0, 'Motil': 85, 'Gelatina': 0, 'Malon': 0, 'G\xc3\xa1s glicose': 0, 'Lactose': 2, 'Sacarose': 50, 'Escul': 0, 'DNase': 10}, 100, '\\t')",
b"bacteria('Salmonella gallinarum', {'Indol': 0, 'Citr': 0, 'H2S': 100, 'Ur\xc3\xa9ia': 0, 'Fenil': 0, 'Lisina': 90, 'Argin': 10, 'Ornit': 1, 'Motil': 0, 'Gelatina': 0, 'Malon': 0, 'G\xc3\xa1s glicose': 0, 'Lactose': 0, 'Sacarose': 0, 'Escul': 0, 'DNase': 10}, 100, '\\t')",
b"bacteria('Shigella boydii', {'Indol': 25, 'Citr': 0, 'H2S': 0, 'Ur\xc3\xa9ia': 0, 'Fenil': 0, 'Lisina': 0, 'Argin': 18, 'Ornit': 2, 'Motil': 0, 'Gelatina': 0, 'Malon': 0, 'G\xc3\xa1s glicose': 0, 'Lactose': 1, 'Sacarose': 0, 'Escul': 0, 'DNase': 0}, 100, '\\t')",
b"bacteria('Morganelle morganii', {'Indol': 95, 'Citr': 0, 'H2S': 20, 'Ur\xc3\xa9ia': 95, 'Fenil': 95, 'Lisina': None, 'Argin': 0, 'Ornit': 95, 'Motil': None, 'Gelatina': 0, 'Malon': 1, 'G\xc3\xa1s glicose': 90, 'Lactose': 1, 'Sacarose': 0, 'Escul': 0, 'DNase': 0}, 100, '\\t')",
b"bacteria('Providencia rettgeri', {'Indol': 99, 'Citr': 95, 'H2S': 0, 'Ur\xc3\xa9ia': 98, 'Fenil': 98, 'Lisina': 0, 'Argin': 0, 'Ornit': 0, 'Motil': 94, 'Gelatina': 0, 'Malon': 0, 'G\xc3\xa1s glicose': 10, 'Lactose': 5, 'Sacarose': 15, 'Escul': 35, 'DNase': 0}, 100, '\\t')",
b"bacteria('Proteus vulgaris', {'Indol': 98, 'Citr': 15, 'H2S': 95, 'Ur\xc3\xa9ia': 95, 'Fenil': 99, 'Lisina': 0, 'Argin': 0, 'Ornit': 0, 'Motil': 95, 'Gelatina': 91, 'Malon': 0, 'G\xc3\xa1s glicose': 85, 'Lactose': 2, 'Sacarose': 97, 'Escul': 50, 'DNase': 80}, 100, '\\t')",
b"bacteria('Shigella sonnei', {'Indol': 0, 'Citr': 0, 'H2S': 0, 'Ur\xc3\xa9ia': 0, 'Fenil': 0, 'Lisina': 0, 'Argin': 2, 'Ornit': 98, 'Motil': 0, 'Gelatina': 0, 'Malon': 0, 'G\xc3\xa1s glicose': 0, 'Lactose': 2, 'Sacarose': 1, 'Escul': 0, 'DNase': 0}, 100, '\\t')",
b"bacteria('Citrobacter freundi', {'Indol': 33, 'Citr': 78, 'H2S': 78, 'Ur\xc3\xa9ia': 44, 'Fenil': 0, 'Lisina': 0, 'Argin': 67, 'Ornit': 0, 'Motil': 89, 'Gelatina': 0, 'Malon': 11, 'G\xc3\xa1s glicose': 89, 'Lactose': 78, 'Sacarose': 89, 'Escul': 0, 'DNase': 0}, 100, '\\t')",
b"bacteria('Citrobacter amalonaticus', {'Indol': 100, 'Citr': 95, 'H2S': 5, 'Ur\xc3\xa9ia': 85, 'Fenil': 0, 'Lisina': 0, 'Argin': 85, 'Ornit': 95, 'Motil': 95, 'Gelatina': 0, 'Malon': 1, 'G\xc3\xa1s glicose': 97, 'Lactose': 35, 'Sacarose': 9, 'Escul': 5, 'DNase': 0}, 100, '\\t')",
b"bacteria('Klebsiella pneumoniae', {'Indol': 0, 'Citr': 98, 'H2S': 0, 'Ur\xc3\xa9ia': 95, 'Fenil': 0, 'Lisina': 98, 'Argin': 0, 'Ornit': 0, 'Motil': 0, 'Gelatina': 0, 'Malon': 93, 'G\xc3\xa1s glicose': 97, 'Lactose': 98, 'Sacarose': 99, 'Escul': 99, 'DNase': 0}, 100, '\\t')",
b"bacteria('Eschenchia coli', {'Indol': 98, 'Citr': 1, 'H2S': 1, 'Ur\xc3\xa9ia': 1, 'Fenil': 0, 'Lisina': 90, 'Argin': 17, 'Ornit': 65, 'Motil': 95, 'Gelatina': 0, 'Malon': 0, 'G\xc3\xa1s glicose': 95, 'Lactose': 95, 'Sacarose': 50, 'Escul': 35, 'DNase': 0}, 100, '\\t')",
b"bacteria('Salmonella spp.', {'Indol': 1, 'Citr': 95, 'H2S': 95, 'Ur\xc3\xa9ia': 1, 'Fenil': 0, 'Lisina': 98, 'Argin': 70, 'Ornit': 97, 'Motil': 95, 'Gelatina': 0, 'Malon': 0, 'G\xc3\xa1s glicose': 96, 'Lactose': 1, 'Sacarose': 1, 'Escul': 5, 'DNase': 2}, 100, '\\t')",
b"bacteria('Serratia rubidae', {'Indol': 0, 'Citr': 95, 'H2S': 0, 'Ur\xc3\xa9ia': 2, 'Fenil': 0, 'Lisina': 55, 'Argin': 0, 'Ornit': 0, 'Motil': 85, 'Gelatina': 90, 'Malon': 94, 'G\xc3\xa1s glicose': 30, 'Lactose': 100, 'Sacarose': 99, 'Escul': 94, 'DNase': 99}, 100, '\\t')",
b"bacteria('Edwardsiella tarda', {'Indol': 99, 'Citr': 1, 'H2S': 100, 'Ur\xc3\xa9ia': 0, 'Fenil': 0, 'Lisina': 100, 'Argin': 0, 'Ornit': 100, 'Motil': 98, 'Gelatina': 0, 'Malon': 0, 'G\xc3\xa1s glicose': 100, 'Lactose': 0, 'Sacarose': 0, 'Escul': 0, 'DNase': 0}, 100, '\\t')",
b"bacteria('Salmonella paratyphi A', {'Indol': 0, 'Citr': 0, 'H2S': 10, 'Ur\xc3\xa9ia': 0, 'Fenil': 0, 'Lisina': 0, 'Argin': 15, 'Ornit': 95, 'Motil': 95, 'Gelatina': 0, 'Malon': 0, 'G\xc3\xa1s glicose': 99, 'Lactose': 0, 'Sacarose': 0, 'Escul': 0, 'DNase': 0}, 100, '\\t')",
b"bacteria('Salmonella outras', {'Indol': 1, 'Citr': 90, 'H2S': 100, 'Ur\xc3\xa9ia': 0, 'Fenil': 0, 'Lisina': 99, 'Argin': 70, 'Ornit': 99, 'Motil': 99, 'Gelatina': 1, 'Malon': None, 'G\xc3\xa1s glicose': 100, 'Lactose': None, 'Sacarose': 1, 'Escul': (0, 15), 'DNase': 1}, 100, '\\t')",
b"bacteria('Enterobacter aerogenes', {'Indol': 0, 'Citr': 95, 'H2S': 0, 'Ur\xc3\xa9ia': 2, 'Fenil': 0, 'Lisina': 98, 'Argin': 0, 'Ornit': 98, 'Motil': 97, 'Gelatina': 0, 'Malon': 95, 'G\xc3\xa1s glicose': 100, 'Lactose': 95, 'Sacarose': 100, 'Escul': 98, 'DNase': 0}, 100, '\\t')",
b"bacteria('Enterobacter agglomerans', {'Indol': 20, 'Citr': 50, 'H2S': 0, 'Ur\xc3\xa9ia': 20, 'Fenil': 20, 'Lisina': 0, 'Argin': 0, 'Ornit': 0, 'Motil': 85, 'Gelatina': 2, 'Malon': 65, 'G\xc3\xa1s glicose': 20, 'Lactose': 40, 'Sacarose': 75, 'Escul': 60, 'DNase': 0}, 100, '\\t')",
b"bacteria('Eschenchia coli inativa', {'Indol': 98, 'Citr': 1, 'H2S': 1, 'Ur\xc3\xa9ia': 1, 'Fenil': 0, 'Lisina': 90, 'Argin': 17, 'Ornit': 65, 'Motil': 95, 'Gelatina': 0, 'Malon': 0, 'G\xc3\xa1s glicose': 5, 'Lactose': 25, 'Sacarose': 15, 'Escul': 5, 'DNase': 0}, 100, '\\t')",
b"bacteria('Hafnia alvei', {'Indol': 0, 'Citr': 10, 'H2S': 0, 'Ur\xc3\xa9ia': 4, 'Fenil': 0, 'Lisina': 100, 'Argin': 6, 'Ornit': 98, 'Motil': 85, 'Gelatina': 0, 'Malon': 50, 'G\xc3\xa1s glicose': 98, 'Lactose': 5, 'Sacarose': 10, 'Escul': 7, 'DNase': 0}, 100, '\\t')",
b"bacteria('Citrobacter diversus (kosen)', {'Indol': 99, 'Citr': 99, 'H2S': 0, 'Ur\xc3\xa9ia': 75, 'Fenil': 0, 'Lisina': 0, 'Argin': 80, 'Ornit': 99, 'Motil': 95, 'Gelatina': 0, 'Malon': 95, 'G\xc3\xa1s glicose': 98, 'Lactose': 50, 'Sacarose': 40, 'Escul': 1, 'DNase': 0}, 100, '\\t')",
b"bacteria('Proteus mirabilis', {'Indol': 2, 'Citr': 65, 'H2S': 98, 'Ur\xc3\xa9ia': 98, 'Fenil': 98, 'Lisina': 0, 'Argin': 0, 'Ornit': 99, 'Motil': 95, 'Gelatina': 90, 'Malon': 2, 'G\xc3\xa1s glicose': 96, 'Lactose': 2, 'Sacarose': 15, 'Escul': 0, 'DNase': 50}, 100, '\\t')",
b"bacteria('Enterobacter gergoviae', {'Indol': 0, 'Citr': 99, 'H2S': 0, 'Ur\xc3\xa9ia': 93, 'Fenil': 0, 'Lisina': 90, 'Argin': 0, 'Ornit': 100, 'Motil': 90, 'Gelatina': 0, 'Malon': 96, 'G\xc3\xa1s glicose': 98, 'Lactose': 55, 'Sacarose': 98, 'Escul': 97, 'DNase': 0}, 100, '\\t')",
b"bacteria('Klebsiella ozaenae', {'Indol': 0, 'Citr': 30, 'H2S': 0, 'Ur\xc3\xa9ia': 10, 'Fenil': 0, 'Lisina': 40, 'Argin': 6, 'Ornit': 3, 'Motil': 0, 'Gelatina': 0, 'Malon': 3, 'G\xc3\xa1s glicose': 50, 'Lactose': 30, 'Sacarose': 20, 'Escul': 80, 'DNase': 0}, 100, '\\t')",
b"bacteria('Shigella dysenteriae', {'Indol': 45, 'Citr': 0, 'H2S': 0, 'Ur\xc3\xa9ia': 0, 'Fenil': 0, 'Lisina': 0, 'Argin': 2, 'Ornit': 0, 'Motil': 0, 'Gelatina': 0, 'Malon': 0, 'G\xc3\xa1s glicose': 0, 'Lactose': 0, 'Sacarose': 0, 'Escul': 0, 'DNase': 0}, 100, '\\t')",
b"bacteria('Shigella flexneri', {'Indol': 50, 'Citr': 0, 'H2S': 0, 'Ur\xc3\xa9ia': 0, 'Fenil': 0, 'Lisina': 0, 'Argin': 5, 'Ornit': 0, 'Motil': 0, 'Gelatina': 0, 'Malon': 0, 'G\xc3\xa1s glicose': 3, 'Lactose': 1, 'Sacarose': 1, 'Escul': 0, 'DNase': 0}, 100, '\\t')",
b"bacteria('Providencia alcalifaciens', {'Indol': 99, 'Citr': 98, 'H2S': 0, 'Ur\xc3\xa9ia': 0, 'Fenil': 98, 'Lisina': 0, 'Argin': 0, 'Ornit': 0, 'Motil': 96, 'Gelatina': 0, 'Malon': 0, 'G\xc3\xa1s glicose': 85, 'Lactose': 0, 'Sacarose': 15, 'Escul': 0, 'DNase': 0}, 100, '\\t')",
b"bacteria('Salmonella pullorum', {'Indol': 0, 'Citr': 0, 'H2S': 90, 'Ur\xc3\xa9ia': 0, 'Fenil': 0, 'Lisina': 100, 'Argin': 10, 'Ornit': 95, 'Motil': 0, 'Gelatina': 0, 'Malon': 0, 'G\xc3\xa1s glicose': 90, 'Lactose': 0, 'Sacarose': 0, 'Escul': 0, 'DNase': 0}, 100, '\\t')",
b"bacteria('Yersinia enterocolitica', {'Indol': 50, 'Citr': 0, 'H2S': 0, 'Ur\xc3\xa9ia': 75, 'Fenil': 0, 'Lisina': 0, 'Argin': 0, 'Ornit': 95, 'Motil': 2, 'Gelatina': 0, 'Malon': 0, 'G\xc3\xa1s glicose': 5, 'Lactose': 5, 'Sacarose': 95, 'Escul': 25, 'DNase': 5}, 100, '\\t')",
b"bacteria('Salmonella typhi', {'Indol': 0, 'Citr': 0, 'H2S': 97, 'Ur\xc3\xa9ia': 0, 'Fenil': 0, 'Lisina': 98, 'Argin': 3, 'Ornit': 0, 'Motil': 97, 'Gelatina': 0, 'Malon': 0, 'G\xc3\xa1s glicose': 0, 'Lactose': 1, 'Sacarose': 0, 'Escul': 0, 'DNase': 0}, 100, '\\t')"
]
